<?xml version="1.0" encoding="UTF-8"?>
<!-- Generated by org.testng.reporters.JUnitReportReporter -->
<testsuite hostname="DESKTOP-0RGRRE5" failures="0" tests="7" name="com.SGS.Test.SignupTest" time="55.864" errors="0" timestamp="2022-12-09T09:55:02 IST" skipped="0">
  <testcase classname="com.SGS.Test.SignupTest" name="SignupPageTest" time="8.362"/>
  <system-out/>
  <testcase classname="com.SGS.Test.SignupTest" name="SignupPageWithoutNameTest" time="6.098"/>
  <system-out/>
  <testcase classname="com.SGS.Test.SignupTest" name="SignupPageWithoutsignUpTest" time="6.718"/>
  <system-out/>
  <testcase classname="com.SGS.Test.SignupTest" name="SignupPagewithoutPasswordTest" time="8.034"/>
  <system-out/>
  <testcase classname="com.SGS.Test.SignupTest" name="SignupPagewithoutConfirmPasswordTest" time="12.884"/>
  <system-out/>
  <testcase classname="com.SGS.Test.SignupTest" name="SignupPagewith_name_signupTest" time="7.167"/>
  <system-out/>
  <testcase classname="com.SGS.Test.SignupTest" name="SignupPagewithoutEmailTest" time="6.601"/>
  <system-out/>
</testsuite> <!-- com.SGS.Test.SignupTest -->
