<?xml version="1.0" encoding="UTF-8"?>
<!-- Generated by org.testng.reporters.JUnitReportReporter -->
<testsuite hostname="DESKTOP-0RGRRE5" failures="0" tests="4" name="com.SGS.Test.ProfileTest" time="30.599" errors="0" timestamp="2022-12-09T09:56:47 IST" skipped="0">
  <testcase classname="com.SGS.Test.ProfileTest" name="PersonalizationTest" time="16.714"/>
  <system-out/>
  <testcase classname="com.SGS.Test.ProfileTest" name="ChangePasswordTest" time="5.980"/>
  <system-out/>
  <testcase classname="com.SGS.Test.ProfileTest" name="TagTest" time="4.960"/>
  <system-out/>
  <testcase classname="com.SGS.Test.ProfileTest" name="DevloperOptionTest" time="2.945"/>
  <system-out/>
</testsuite> <!-- com.SGS.Test.ProfileTest -->
