<?xml version="1.0" encoding="UTF-8"?>
<!-- Generated by org.testng.reporters.JUnitReportReporter -->
<testsuite hostname="DESKTOP-0RGRRE5" failures="0" tests="1" name="com.SGS.Test.MSEdgeSurveyTest" time="14.781" errors="0" timestamp="2022-12-08T16:23:27 IST" skipped="0">
  <testcase classname="com.SGS.Test.MSEdgeSurveyTest" name="msEdgetest" time="14.781"/>
  <system-out/>
</testsuite> <!-- com.SGS.Test.MSEdgeSurveyTest -->
