<?xml version="1.0" encoding="UTF-8"?>
<!-- Generated by org.testng.reporters.JUnitReportReporter -->
<testsuite hostname="DESKTOP-0RGRRE5" failures="0" tests="4" name="com.SGS.Test.ProfileTest" time="56.670" errors="0" timestamp="2022-12-02T14:00:55 IST" skipped="0">
  <testcase classname="com.SGS.Test.ProfileTest" name="PersonalizationTest" time="41.839"/>
  <system-out/>
  <testcase classname="com.SGS.Test.ProfileTest" name="ChangePasswordTest" time="5.948"/>
  <system-out/>
  <testcase classname="com.SGS.Test.ProfileTest" name="TagTest" time="5.578"/>
  <system-out/>
  <testcase classname="com.SGS.Test.ProfileTest" name="DevloperOptionTest" time="3.305"/>
  <system-out/>
</testsuite> <!-- com.SGS.Test.ProfileTest -->
