<?xml version="1.0" encoding="UTF-8"?>
<!-- Generated by org.testng.reporters.JUnitReportReporter -->
<testsuite hostname="DESKTOP-0RGRRE5" failures="0" tests="8" name="com.SGS.Test.LoginTest" time="55.565" errors="0" timestamp="2022-12-06T14:24:30 IST" skipped="0">
  <testcase classname="com.SGS.Test.LoginTest" name="Loginpage" time="15.645"/>
  <system-out/>
  <testcase classname="com.SGS.Test.LoginTest" name="LoginWithoutPassword" time="5.417"/>
  <system-out/>
  <testcase classname="com.SGS.Test.LoginTest" name="LoginWithoutId" time="4.806"/>
  <system-out/>
  <testcase classname="com.SGS.Test.LoginTest" name="LoginWithWrongAlphaNumericEmailTest" time="4.933"/>
  <system-out/>
  <testcase classname="com.SGS.Test.LoginTest" name="LoginWithoutSignIn" time="5.910"/>
  <system-out/>
  <testcase classname="com.SGS.Test.LoginTest" name="LoginWithWrongAlphaNumericPassword" time="5.549"/>
  <system-out/>
  <testcase classname="com.SGS.Test.LoginTest" name="LoginWithWrongNumericEmail" time="5.916"/>
  <system-out/>
  <testcase classname="com.SGS.Test.LoginTest" name="LoginWithWrongNumericPassword" time="7.389"/>
  <system-out/>
</testsuite> <!-- com.SGS.Test.LoginTest -->
