<?xml version="1.0" encoding="UTF-8"?>
<!-- Generated by org.testng.reporters.JUnitReportReporter -->
<testsuite hostname="DESKTOP-0RGRRE5" failures="0" tests="7" name="com.SGS.Test.SignupTest" time="79.808" errors="0" timestamp="2022-12-02T14:00:55 IST" skipped="0">
  <testcase classname="com.SGS.Test.SignupTest" name="SignupPageTest" time="9.712"/>
  <system-out/>
  <testcase classname="com.SGS.Test.SignupTest" name="SignupPageWithoutNameTest" time="9.706"/>
  <system-out/>
  <testcase classname="com.SGS.Test.SignupTest" name="SignupPageWithoutsignUpTest" time="33.853"/>
  <system-out/>
  <testcase classname="com.SGS.Test.SignupTest" name="SignupPagewithoutPasswordTest" time="8.841"/>
  <system-out/>
  <testcase classname="com.SGS.Test.SignupTest" name="SignupPagewithoutConfirmPasswordTest" time="6.761"/>
  <system-out/>
  <testcase classname="com.SGS.Test.SignupTest" name="SignupPagewith_name_signupTest" time="5.380"/>
  <system-out/>
  <testcase classname="com.SGS.Test.SignupTest" name="SignupPagewithoutEmailTest" time="5.555"/>
  <system-out/>
</testsuite> <!-- com.SGS.Test.SignupTest -->
