<?xml version="1.0" encoding="UTF-8"?>
<!-- Generated by org.testng.reporters.JUnitReportReporter -->
<testsuite hostname="DESKTOP-0RGRRE5" failures="0" tests="1" name="com.SGS.Test.LoginTest" time="15.100" errors="0" timestamp="2022-12-10T09:10:39 IST" skipped="0">
  <testcase classname="com.SGS.Test.LoginTest" name="Loginpage" time="15.100"/>
  <system-out/>
</testsuite> <!-- com.SGS.Test.LoginTest -->
