<?xml version="1.0" encoding="UTF-8"?>
<!-- Generated by org.testng.reporters.JUnitReportReporter -->
<testsuite hostname="DESKTOP-0RGRRE5" failures="0" tests="7" name="com.SGS.Test.SignupTest" time="75.208" errors="0" timestamp="2022-12-06T14:24:30 IST" skipped="0">
  <testcase classname="com.SGS.Test.SignupTest" name="SignupPageTest" time="10.979"/>
  <system-out/>
  <testcase classname="com.SGS.Test.SignupTest" name="SignupPageWithoutNameTest" time="10.770"/>
  <system-out/>
  <testcase classname="com.SGS.Test.SignupTest" name="SignupPageWithoutsignUpTest" time="24.445"/>
  <system-out/>
  <testcase classname="com.SGS.Test.SignupTest" name="SignupPagewithoutPasswordTest" time="9.767"/>
  <system-out/>
  <testcase classname="com.SGS.Test.SignupTest" name="SignupPagewithoutConfirmPasswordTest" time="7.394"/>
  <system-out/>
  <testcase classname="com.SGS.Test.SignupTest" name="SignupPagewith_name_signupTest" time="5.862"/>
  <system-out/>
  <testcase classname="com.SGS.Test.SignupTest" name="SignupPagewithoutEmailTest" time="5.991"/>
  <system-out/>
</testsuite> <!-- com.SGS.Test.SignupTest -->
