<?xml version="1.0" encoding="UTF-8"?>
<!-- Generated by org.testng.reporters.JUnitReportReporter -->
<testsuite hostname="DESKTOP-0RGRRE5" failures="0" tests="8" name="com.SGS.Test.LoginTest" time="53.938" errors="0" timestamp="2022-12-02T14:00:55 IST" skipped="0">
  <testcase classname="com.SGS.Test.LoginTest" name="Loginpage" time="15.788"/>
  <system-out/>
  <testcase classname="com.SGS.Test.LoginTest" name="LoginWithoutPassword" time="5.943"/>
  <system-out/>
  <testcase classname="com.SGS.Test.LoginTest" name="LoginWithoutId" time="5.345"/>
  <system-out/>
  <testcase classname="com.SGS.Test.LoginTest" name="LoginWithoutSignIn" time="5.795"/>
  <system-out/>
  <testcase classname="com.SGS.Test.LoginTest" name="LoginWithWrongAlphaNumericEmailTest" time="5.340"/>
  <system-out/>
  <testcase classname="com.SGS.Test.LoginTest" name="LoginWithWrongAlphaNumericPassword" time="5.388"/>
  <system-out/>
  <testcase classname="com.SGS.Test.LoginTest" name="LoginWithWrongNumericEmail" time="5.274"/>
  <system-out/>
  <testcase classname="com.SGS.Test.LoginTest" name="LoginWithWrongNumericPassword" time="5.065"/>
  <system-out/>
</testsuite> <!-- com.SGS.Test.LoginTest -->
